<?xml version="1.0" encoding="UTF-8"?>
<!-- Generated by org.testng.reporters.JUnitReportReporter -->
<testsuite hostname="Lenovo" failures="0" tests="1" name="test.BaseClass" time="0.032" errors="0" timestamp="2021-07-31T23:12:11 IST" skipped="0">
  <testcase classname="test.BaseClass" name="sampleTest" time="0.032"/>
  <system-out/>
</testsuite> <!-- test.BaseClass -->
